Build started 2017.04.04. 13:49:34.
     1>Project "F:\Projects\sas\sasJSON\sasJSON.vcxproj" on node 2 (Build target(s)).
     1>PrepareForBuild:
         Creating directory "obj\Release\sasJSON.tlog\".
       InitializeBuildStatus:
         Creating "obj\Release\sasJSON.tlog\unsuccessfulbuild" because "AlwaysCreate" was specified.
       ClCompile:
         C:\LegacyApp\VisualStudio2013\VC\bin\CL.exe /c /I..\sasCore\include\ /I..\windeps\rapidjson\include\ /Zi /nologo /W3 /WX- /sdl /O2 /Oi /Oy- /GL /D SAS_JSON__IMPL /D _WINDLL /D _MBCS /Gm- /EHsc /MD /GS /Gy /fp:precise /Zc:wchar_t /Zc:forScope /Fo"obj\Release\\" /Fd"obj\Release\vc120.pdb" /Gd /TP /analyze- /errorReport:prompt jsonerrorcollector.cpp jsoninvoker.cpp
         jsonerrorcollector.cpp
         jsoninvoker.cpp
       Link:
         C:\LegacyApp\VisualStudio2013\VC\bin\link.exe /ERRORREPORT:PROMPT /OUT:"F:\Projects\sas\sln\sas\Release\sasJSON.dll" /NOLOGO /LIBPATH:F:\Projects\sas\sln\sas\Release\ sasCore.lib kernel32.lib user32.lib gdi32.lib winspool.lib comdlg32.lib advapi32.lib shell32.lib ole32.lib oleaut32.lib uuid.lib odbc32.lib odbccp32.lib /MANIFEST /MANIFESTUAC:"level='asInvoker' uiAccess='false'" /manifest:embed /DEBUG /PDB:"F:\Projects\sas\sln\sas\Release\sasJSON.pdb" /OPT:REF /OPT:ICF /LTCG /TLBID:1 /DYNAMICBASE /NXCOMPAT /IMPLIB:"F:\Projects\sas\sln\sas\Release\sasJSON.lib" /MACHINE:X86 /SAFESEH /DLL obj\Release\jsonerrorcollector.obj
         obj\Release\jsoninvoker.obj
            Creating library F:\Projects\sas\sln\sas\Release\sasJSON.lib and object F:\Projects\sas\sln\sas\Release\sasJSON.exp
         Generating code
         Finished generating code
         sasJSON.vcxproj -> F:\Projects\sas\sln\sas\Release\sasJSON.dll
       FinalizeBuildStatus:
         Deleting file "obj\Release\sasJSON.tlog\unsuccessfulbuild".
         Touching "obj\Release\sasJSON.tlog\sasJSON.lastbuildstate".
     1>Done Building Project "F:\Projects\sas\sasJSON\sasJSON.vcxproj" (Build target(s)).

Build succeeded.

Time Elapsed 00:00:01.30
